# JRE version: Java(TM) SE Runtime Environment (17.0.1+12) (build 17.0.1+12-LTS-39)
# Java VM: Java HotSpot(TM) 64-Bit Server VM (17.0.1+12-LTS-39, mixed mode, sharing, tiered, compressed oops, compressed class ptrs, g1 gc, windows-amd64)
GC Precious Log:
 CPUs: 2 total, 2 available
 Memory: 3912M
 Large Page Support: Disabled
 NUMA Support: Disabled
 Compressed Oops: Enabled (32-bit)
 Heap Region Size: 1M
 Heap Min Capacity: 8M
 Heap Initial Capacity: 62M
 Heap Max Capacity: 980M
 Pre-touch: Disabled
 Parallel Workers: 2
 Concurrent Workers: 1
 Concurrent Refinement Workers: 2
 Periodic GC: Disabled
Heap:
 garbage-first heap   total 63488K, used 16671K [0x00000000c2c00000, 0x0000000100000000)
  region size 1024K, 3 young (3072K), 3 survivors (3072K)
 Metaspace       used 33297K, committed 33600K, reserved 1081344K
  class space    used 4384K, committed 4544K, reserved 1048576K
GC Heap History (20 events):
Event: 6.927 GC heap after
{Heap after GC invocations=3 (full 0):
 garbage-first heap   total 63488K, used 6324K [0x00000000c2c00000, 0x0000000100000000)
  region size 1024K, 2 young (2048K), 2 survivors (2048K)
 Metaspace       used 4756K, committed 4928K, reserved 1056768K
  class space    used 519K, committed 576K, reserved 1048576K
}
Event: 11.965 GC heap before
{Heap before GC invocations=3 (full 0):
 garbage-first heap   total 63488K, used 21684K [0x00000000c2c00000, 0x0000000100000000)
  region size 1024K, 17 young (17408K), 2 survivors (2048K)
 Metaspace       used 8728K, committed 8960K, reserved 1064960K
  class space    used 1086K, committed 1216K, reserved 1048576K
}
Event: 11.977 GC heap after
{Heap after GC invocations=4 (full 0):
 garbage-first heap   total 63488K, used 7578K [0x00000000c2c00000, 0x0000000100000000)
  region size 1024K, 3 young (3072K), 3 survivors (3072K)
 Metaspace       used 8728K, committed 8960K, reserved 1064960K
  class space    used 1086K, committed 1216K, reserved 1048576K
}
Event: 14.251 GC heap before
{Heap before GC invocations=4 (full 0):
 garbage-first heap   total 63488K, used 35226K [0x00000000c2c00000, 0x0000000100000000)
  region size 1024K, 31 young (31744K), 3 survivors (3072K)
 Metaspace       used 14762K, committed 15040K, reserved 1064960K
  class space    used 1810K, committed 1920K, reserved 1048576K
}
Event: 14.262 GC heap after
{Heap after GC invocations=5 (full 0):
 garbage-first heap   total 63488K, used 8963K [0x00000000c2c00000, 0x0000000100000000)
  region size 1024K, 3 young (3072K), 3 survivors (3072K)
 Metaspace       used 14762K, committed 15040K, reserved 1064960K
  class space    used 1810K, committed 1920K, reserved 1048576K
}
Event: 14.598 GC heap before
{Heap before GC invocations=5 (full 0):
 garbage-first heap   total 63488K, used 42755K [0x00000000c2c00000, 0x0000000100000000)
  region size 1024K, 37 young (37888K), 3 survivors (3072K)
 Metaspace       used 15266K, committed 15488K, reserved 1064960K
  class space    used 1853K, committed 1984K, reserved 1048576K
}
Event: 14.606 GC heap after
{Heap after GC invocations=6 (full 0):
 garbage-first heap   total 63488K, used 9294K [0x00000000c2c00000, 0x0000000100000000)
  region size 1024K, 3 young (3072K), 3 survivors (3072K)
 Metaspace       used 15266K, committed 15488K, reserved 1064960K
  class space    used 1853K, committed 1984K, reserved 1048576K
}
Event: 21.131 GC heap before
{Heap before GC invocations=6 (full 0):
 garbage-first heap   total 63488K, used 44110K [0x00000000c2c00000, 0x0000000100000000)
  region size 1024K, 37 young (37888K), 3 survivors (3072K)
 Metaspace       used 20190K, committed 20416K, reserved 1073152K
  class space    used 2494K, committed 2624K, reserved 1048576K
}
Event: 21.148 GC heap after
{Heap after GC invocations=7 (full 0):
 garbage-first heap   total 63488K, used 11550K [0x00000000c2c00000, 0x0000000100000000)
  region size 1024K, 4 young (4096K), 4 survivors (4096K)
 Metaspace       used 20190K, committed 20416K, reserved 1073152K
  class space    used 2494K, committed 2624K, reserved 1048576K
}
Event: 23.217 GC heap before
{Heap before GC invocations=7 (full 0):
 garbage-first heap   total 63488K, used 16670K [0x00000000c2c00000, 0x0000000100000000)
  region size 1024K, 10 young (10240K), 4 survivors (4096K)
 Metaspace       used 21294K, committed 21504K, reserved 1073152K
  class space    used 2666K, committed 2752K, reserved 1048576K
}
Event: 23.231 GC heap after
{Heap after GC invocations=8 (full 0):
 garbage-first heap   total 63488K, used 12147K [0x00000000c2c00000, 0x0000000100000000)
  region size 1024K, 4 young (4096K), 4 survivors (4096K)
 Metaspace       used 21294K, committed 21504K, reserved 1073152K
  class space    used 2666K, committed 2752K, reserved 1048576K
}
Event: 25.965 GC heap before
{Heap before GC invocations=9 (full 0):
 garbage-first heap   total 48128K, used 35699K [0x00000000c2c00000, 0x0000000100000000)
  region size 1024K, 28 young (28672K), 4 survivors (4096K)
 Metaspace       used 25132K, committed 25408K, reserved 1073152K
  class space    used 3144K, committed 3264K, reserved 1048576K
}
Event: 25.983 GC heap after
{Heap after GC invocations=10 (full 0):
 garbage-first heap   total 48128K, used 14372K [0x00000000c2c00000, 0x0000000100000000)
  region size 1024K, 3 young (3072K), 3 survivors (3072K)
 Metaspace       used 25132K, committed 25408K, reserved 1073152K
  class space    used 3144K, committed 3264K, reserved 1048576K
}
Event: 25.987 GC heap before
{Heap before GC invocations=10 (full 0):
 garbage-first heap   total 48128K, used 14372K [0x00000000c2c00000, 0x0000000100000000)
  region size 1024K, 4 young (4096K), 3 survivors (3072K)
 Metaspace       used 25132K, committed 25408K, reserved 1073152K
  class space    used 3144K, committed 3264K, reserved 1048576K
}
Event: 25.997 GC heap after
{Heap after GC invocations=11 (full 0):
 garbage-first heap   total 48128K, used 14183K [0x00000000c2c00000, 0x0000000100000000)
  region size 1024K, 1 young (1024K), 1 survivors (1024K)
 Metaspace       used 25132K, committed 25408K, reserved 1073152K
  class space    used 3144K, committed 3264K, reserved 1048576K
}
Event: 26.031 GC heap before
{Heap before GC invocations=11 (full 0):
 garbage-first heap   total 48128K, used 33639K [0x00000000c2c00000, 0x0000000100000000)
  region size 1024K, 21 young (21504K), 1 survivors (1024K)
 Metaspace       used 25132K, committed 25408K, reserved 1073152K
  class space    used 3144K, committed 3264K, reserved 1048576K
}
Event: 26.032 GC heap after
{Heap after GC invocations=12 (full 0):
 garbage-first heap   total 48128K, used 14209K [0x00000000c2c00000, 0x0000000100000000)
  region size 1024K, 1 young (1024K), 1 survivors (1024K)
 Metaspace       used 25132K, committed 25408K, reserved 1073152K
  class space    used 3144K, committed 3264K, reserved 1048576K
}
Event: 27.333 GC heap before
{Heap before GC invocations=12 (full 0):
 garbage-first heap   total 48128K, used 34689K [0x00000000c2c00000, 0x0000000100000000)
  region size 1024K, 22 young (22528K), 1 survivors (1024K)
 Metaspace       used 27075K, committed 27392K, reserved 1073152K
  class space    used 3409K, committed 3584K, reserved 1048576K
}
Event: 27.356 GC heap after
{Heap after GC invocations=13 (full 0):
 garbage-first heap   total 48128K, used 15283K [0x00000000c2c00000, 0x0000000100000000)
  region size 1024K, 2 young (2048K), 2 survivors (2048K)
 Metaspace       used 27075K, committed 27392K, reserved 1073152K
  class space    used 3409K, committed 3584K, reserved 1048576K
}
Event: 32.187 GC heap before
{Heap before GC invocations=13 (full 0):
 garbage-first heap   total 48128K, used 36787K [0x00000000c2c00000, 0x0000000100000000)
  region size 1024K, 23 young (23552K), 2 survivors (2048K)
 Metaspace       used 33297K, committed 33600K, reserved 1081344K
  class space    used 4384K, committed 4544K, reserved 1048576K
}

