# JRE version: Java(TM) SE Runtime Environment (17.0.1+12) (build 17.0.1+12-LTS-39)
# Java VM: Java HotSpot(TM) 64-Bit Server VM (17.0.1+12-LTS-39, mixed mode, sharing, tiered, compressed oops, compressed class ptrs, g1 gc, windows-amd64)
GC Precious Log:
 CPUs: 2 total, 2 available
 Memory: 3912M
 Large Page Support: Disabled
 NUMA Support: Disabled
 Compressed Oops: Enabled (32-bit)
 Heap Region Size: 1M
 Heap Min Capacity: 8M
 Heap Initial Capacity: 62M
 Heap Max Capacity: 980M
 Pre-touch: Disabled
 Parallel Workers: 2
 Concurrent Workers: 1
 Concurrent Refinement Workers: 2
 Periodic GC: Disabled
Heap:
 garbage-first heap   total 54272K, used 25770K [0x00000000c2c00000, 0x0000000100000000)
  region size 1024K, 10 young (10240K), 2 survivors (2048K)
 Metaspace       used 49280K, committed 49600K, reserved 1097728K
  class space    used 6563K, committed 6720K, reserved 1048576K
GC Heap History (20 events):
Event: 30.190 GC heap before
{Heap before GC invocations=7 (full 0):
 garbage-first heap   total 63488K, used 15250K [0x00000000c2c00000, 0x0000000100000000)
  region size 1024K, 9 young (9216K), 4 survivors (4096K)
 Metaspace       used 21250K, committed 21504K, reserved 1073152K
  class space    used 2659K, committed 2816K, reserved 1048576K
}
Event: 30.203 GC heap after
{Heap after GC invocations=8 (full 0):
 garbage-first heap   total 63488K, used 11754K [0x00000000c2c00000, 0x0000000100000000)
  region size 1024K, 3 young (3072K), 3 survivors (3072K)
 Metaspace       used 21250K, committed 21504K, reserved 1073152K
  class space    used 2659K, committed 2816K, reserved 1048576K
}
Event: 36.070 GC heap before
{Heap before GC invocations=9 (full 0):
 garbage-first heap   total 45056K, used 34282K [0x00000000c2c00000, 0x0000000100000000)
  region size 1024K, 26 young (26624K), 3 survivors (3072K)
 Metaspace       used 25144K, committed 25408K, reserved 1073152K
  class space    used 3139K, committed 3264K, reserved 1048576K
}
Event: 36.091 GC heap after
{Heap after GC invocations=10 (full 0):
 garbage-first heap   total 45056K, used 13901K [0x00000000c2c00000, 0x0000000100000000)
  region size 1024K, 3 young (3072K), 3 survivors (3072K)
 Metaspace       used 25144K, committed 25408K, reserved 1073152K
  class space    used 3139K, committed 3264K, reserved 1048576K
}
Event: 36.126 GC heap before
{Heap before GC invocations=10 (full 0):
 garbage-first heap   total 45056K, used 13901K [0x00000000c2c00000, 0x0000000100000000)
  region size 1024K, 4 young (4096K), 3 survivors (3072K)
 Metaspace       used 25144K, committed 25408K, reserved 1073152K
  class space    used 3139K, committed 3264K, reserved 1048576K
}
Event: 36.140 GC heap after
{Heap after GC invocations=11 (full 0):
 garbage-first heap   total 45056K, used 13972K [0x00000000c2c00000, 0x0000000100000000)
  region size 1024K, 1 young (1024K), 1 survivors (1024K)
 Metaspace       used 25144K, committed 25408K, reserved 1073152K
  class space    used 3139K, committed 3264K, reserved 1048576K
}
Event: 36.152 GC heap before
{Heap before GC invocations=11 (full 0):
 garbage-first heap   total 45056K, used 31380K [0x00000000c2c00000, 0x0000000100000000)
  region size 1024K, 19 young (19456K), 1 survivors (1024K)
 Metaspace       used 25144K, committed 25408K, reserved 1073152K
  class space    used 3139K, committed 3264K, reserved 1048576K
}
Event: 36.153 GC heap after
{Heap after GC invocations=12 (full 0):
 garbage-first heap   total 45056K, used 13997K [0x00000000c2c00000, 0x0000000100000000)
  region size 1024K, 1 young (1024K), 1 survivors (1024K)
 Metaspace       used 25144K, committed 25408K, reserved 1073152K
  class space    used 3139K, committed 3264K, reserved 1048576K
}
Event: 37.683 GC heap before
{Heap before GC invocations=12 (full 0):
 garbage-first heap   total 45056K, used 32429K [0x00000000c2c00000, 0x0000000100000000)
  region size 1024K, 20 young (20480K), 1 survivors (1024K)
 Metaspace       used 26333K, committed 26560K, reserved 1073152K
  class space    used 3301K, committed 3392K, reserved 1048576K
}
Event: 37.691 GC heap after
{Heap after GC invocations=13 (full 0):
 garbage-first heap   total 54272K, used 14816K [0x00000000c2c00000, 0x0000000100000000)
  region size 1024K, 1 young (1024K), 1 survivors (1024K)
 Metaspace       used 26333K, committed 26560K, reserved 1073152K
  class space    used 3301K, committed 3392K, reserved 1048576K
}
Event: 46.006 GC heap before
{Heap before GC invocations=13 (full 0):
 garbage-first heap   total 54272K, used 41440K [0x00000000c2c00000, 0x0000000100000000)
  region size 1024K, 27 young (27648K), 1 survivors (1024K)
 Metaspace       used 32874K, committed 33152K, reserved 1081344K
  class space    used 4346K, committed 4480K, reserved 1048576K
}
Event: 46.014 GC heap after
{Heap after GC invocations=14 (full 0):
 garbage-first heap   total 54272K, used 16425K [0x00000000c2c00000, 0x0000000100000000)
  region size 1024K, 3 young (3072K), 3 survivors (3072K)
 Metaspace       used 32874K, committed 33152K, reserved 1081344K
  class space    used 4346K, committed 4480K, reserved 1048576K
}
Event: 47.142 GC heap before
{Heap before GC invocations=14 (full 0):
 garbage-first heap   total 54272K, used 21545K [0x00000000c2c00000, 0x0000000100000000)
  region size 1024K, 10 young (10240K), 3 survivors (3072K)
 Metaspace       used 35669K, committed 35968K, reserved 1081344K
  class space    used 4646K, committed 4800K, reserved 1048576K
}
Event: 47.151 GC heap after
{Heap after GC invocations=15 (full 0):
 garbage-first heap   total 54272K, used 17398K [0x00000000c2c00000, 0x0000000100000000)
  region size 1024K, 3 young (3072K), 3 survivors (3072K)
 Metaspace       used 35669K, committed 35968K, reserved 1081344K
  class space    used 4646K, committed 4800K, reserved 1048576K
}
Event: 52.721 GC heap before
{Heap before GC invocations=16 (full 0):
 garbage-first heap   total 54272K, used 41974K [0x00000000c2c00000, 0x0000000100000000)
  region size 1024K, 27 young (27648K), 3 survivors (3072K)
 Metaspace       used 41237K, committed 41536K, reserved 1089536K
  class space    used 5421K, committed 5568K, reserved 1048576K
}
Event: 52.735 GC heap after
{Heap after GC invocations=17 (full 0):
 garbage-first heap   total 54272K, used 18432K [0x00000000c2c00000, 0x0000000100000000)
  region size 1024K, 2 young (2048K), 2 survivors (2048K)
 Metaspace       used 41237K, committed 41536K, reserved 1089536K
  class space    used 5421K, committed 5568K, reserved 1048576K
}
Event: 52.975 GC heap before
{Heap before GC invocations=17 (full 0):
 garbage-first heap   total 54272K, used 19456K [0x00000000c2c00000, 0x0000000100000000)
  region size 1024K, 3 young (3072K), 2 survivors (2048K)
 Metaspace       used 41455K, committed 41728K, reserved 1089536K
  class space    used 5457K, committed 5568K, reserved 1048576K
}
Event: 52.982 GC heap after
{Heap after GC invocations=18 (full 0):
 garbage-first heap   total 54272K, used 18617K [0x00000000c2c00000, 0x0000000100000000)
  region size 1024K, 1 young (1024K), 1 survivors (1024K)
 Metaspace       used 41455K, committed 41728K, reserved 1089536K
  class space    used 5457K, committed 5568K, reserved 1048576K
}
Event: 57.529 GC heap before
{Heap before GC invocations=18 (full 0):
 garbage-first heap   total 54272K, used 42169K [0x00000000c2c00000, 0x0000000100000000)
  region size 1024K, 24 young (24576K), 1 survivors (1024K)
 Metaspace       used 47825K, committed 48192K, reserved 1097728K
  class space    used 6414K, committed 6592K, reserved 1048576K
}
Event: 57.536 GC heap after
{Heap after GC invocations=19 (full 0):
 garbage-first heap   total 54272K, used 19626K [0x00000000c2c00000, 0x0000000100000000)
  region size 1024K, 2 young (2048K), 2 survivors (2048K)
 Metaspace       used 47825K, committed 48192K, reserved 1097728K
  class space    used 6414K, committed 6592K, reserved 1048576K
}

